build/app/intermediates/manifest_merge_blame_file/release/manifest-merger-blame-release-report.txt
1<?xml version="1.0" encoding="utf-8"?>
2<manifest xmlns:android="http://schemas.android.com/apk/res/android"
3    package="br.com.scrumlab.honeybee"
4    android:versionCode="4"
5    android:versionName="1.0.0" >
6
7    <uses-sdk
8        android:minSdkVersion="19"
8-->src/main/AndroidManifest.xml
9        android:targetSdkVersion="33" />
9-->src/main/AndroidManifest.xml
10
11    <uses-permission android:name="android.permission.INTERNET" />
11-->src/main/AndroidManifest.xml:4:4-66
11-->src/main/AndroidManifest.xml:4:21-63
12    <uses-permission android:name="android.permission.USE_BIOMETRIC" />
12-->src/main/AndroidManifest.xml:5:4-70
12-->src/main/AndroidManifest.xml:5:21-68
13
14    <queries>
14-->[:flutter_inappwebview] AndroidManifest.xml:9:5-13:15
15        <intent>
15-->[:flutter_inappwebview] AndroidManifest.xml:10:9-12:18
16            <action android:name="android.support.customtabs.action.CustomTabsService" />
16-->[:flutter_inappwebview] AndroidManifest.xml:11:13-90
16-->[:flutter_inappwebview] AndroidManifest.xml:11:21-87
17        </intent>
18    </queries>
19
20    <uses-permission android:name="android.permission.ACCESS_NETWORK_STATE" />
20-->[:connectivity_plus] AndroidManifest.xml:9:5-79
20-->[:connectivity_plus] AndroidManifest.xml:9:22-76
21
22    <application
23        android:name="io.flutter.app.FlutterMultiDexApplication"
23-->src/main/AndroidManifest.xml:9:9-42
24        android:appComponentFactory="androidx.core.app.CoreComponentFactory"
24-->[androidx.core:core:1.8.0] AndroidManifest.xml:24:18-86
25        android:icon="@mipmap/launcher_icon"
25-->src/main/AndroidManifest.xml:12:9-45
26        android:label="HoneyBee"
26-->src/main/AndroidManifest.xml:8:9-33
27        android:networkSecurityConfig="@xml/network_security_config"
27-->src/main/AndroidManifest.xml:11:9-69
28        android:usesCleartextTraffic="true" >
28-->src/main/AndroidManifest.xml:10:9-44
29        <activity
29-->src/main/AndroidManifest.xml:14:9-30:20
30            android:name="br.com.scrumlab.honeybee.MainActivity"
30-->src/main/AndroidManifest.xml:15:13-41
31            android:configChanges="orientation|keyboardHidden|keyboard|screenSize|smallestScreenSize|locale|layoutDirection|fontScale|screenLayout|density|uiMode"
31-->src/main/AndroidManifest.xml:19:13-163
32            android:exported="true"
32-->src/main/AndroidManifest.xml:16:13-36
33            android:hardwareAccelerated="true"
33-->src/main/AndroidManifest.xml:20:13-47
34            android:launchMode="singleTop"
34-->src/main/AndroidManifest.xml:17:13-43
35            android:theme="@style/LaunchTheme"
35-->src/main/AndroidManifest.xml:18:13-47
36            android:windowSoftInputMode="adjustResize" >
36-->src/main/AndroidManifest.xml:21:13-55
37            <meta-data
37-->src/main/AndroidManifest.xml:22:13-25:17
38                android:name="io.flutter.embedding.android.NormalTheme"
38-->src/main/AndroidManifest.xml:23:15-70
39                android:resource="@style/NormalTheme" />
39-->src/main/AndroidManifest.xml:24:15-52
40
41            <intent-filter>
41-->src/main/AndroidManifest.xml:26:13-29:29
42                <action android:name="android.intent.action.MAIN" />
42-->src/main/AndroidManifest.xml:27:17-68
42-->src/main/AndroidManifest.xml:27:25-66
43
44                <category android:name="android.intent.category.LAUNCHER" />
44-->src/main/AndroidManifest.xml:28:17-76
44-->src/main/AndroidManifest.xml:28:27-74
45            </intent-filter>
46        </activity>
47
48        <meta-data
48-->src/main/AndroidManifest.xml:31:9-33:33
49            android:name="flutterEmbedding"
49-->src/main/AndroidManifest.xml:32:13-44
50            android:value="2" />
50-->src/main/AndroidManifest.xml:33:13-30
51
52        <activity
52-->[:flutter_inappwebview] AndroidManifest.xml:16:9-20:47
53            android:name="com.pichillilorenzo.flutter_inappwebview.in_app_browser.InAppBrowserActivity"
53-->[:flutter_inappwebview] AndroidManifest.xml:17:13-104
54            android:configChanges="orientation|keyboardHidden|keyboard|screenSize|locale|layoutDirection|fontScale|screenLayout|density"
54-->[:flutter_inappwebview] AndroidManifest.xml:18:13-137
55            android:exported="false"
55-->[:flutter_inappwebview] AndroidManifest.xml:19:13-37
56            android:theme="@style/AppTheme" />
56-->[:flutter_inappwebview] AndroidManifest.xml:20:13-44
57        <activity
57-->[:flutter_inappwebview] AndroidManifest.xml:21:9-24:55
58            android:name="com.pichillilorenzo.flutter_inappwebview.chrome_custom_tabs.ChromeCustomTabsActivity"
58-->[:flutter_inappwebview] AndroidManifest.xml:22:13-112
59            android:exported="false"
59-->[:flutter_inappwebview] AndroidManifest.xml:23:13-37
60            android:theme="@style/ThemeTransparent" />
60-->[:flutter_inappwebview] AndroidManifest.xml:24:13-52
61        <activity
61-->[:flutter_inappwebview] AndroidManifest.xml:25:9-28:55
62            android:name="com.pichillilorenzo.flutter_inappwebview.chrome_custom_tabs.TrustedWebActivity"
62-->[:flutter_inappwebview] AndroidManifest.xml:26:13-106
63            android:exported="false"
63-->[:flutter_inappwebview] AndroidManifest.xml:27:13-37
64            android:theme="@style/ThemeTransparent" />
64-->[:flutter_inappwebview] AndroidManifest.xml:28:13-52
65        <activity
65-->[:flutter_inappwebview] AndroidManifest.xml:29:9-33:55
66            android:name="com.pichillilorenzo.flutter_inappwebview.chrome_custom_tabs.ChromeCustomTabsActivitySingleInstance"
66-->[:flutter_inappwebview] AndroidManifest.xml:30:13-126
67            android:exported="false"
67-->[:flutter_inappwebview] AndroidManifest.xml:31:13-37
68            android:launchMode="singleInstance"
68-->[:flutter_inappwebview] AndroidManifest.xml:32:13-48
69            android:theme="@style/ThemeTransparent" />
69-->[:flutter_inappwebview] AndroidManifest.xml:33:13-52
70        <activity
70-->[:flutter_inappwebview] AndroidManifest.xml:34:9-38:55
71            android:name="com.pichillilorenzo.flutter_inappwebview.chrome_custom_tabs.TrustedWebActivitySingleInstance"
71-->[:flutter_inappwebview] AndroidManifest.xml:35:13-120
72            android:exported="false"
72-->[:flutter_inappwebview] AndroidManifest.xml:36:13-37
73            android:launchMode="singleInstance"
73-->[:flutter_inappwebview] AndroidManifest.xml:37:13-48
74            android:theme="@style/ThemeTransparent" />
74-->[:flutter_inappwebview] AndroidManifest.xml:38:13-52
75
76        <receiver
76-->[:flutter_inappwebview] AndroidManifest.xml:40:9-43:40
77            android:name="com.pichillilorenzo.flutter_inappwebview.chrome_custom_tabs.ActionBroadcastReceiver"
77-->[:flutter_inappwebview] AndroidManifest.xml:41:13-111
78            android:enabled="true"
78-->[:flutter_inappwebview] AndroidManifest.xml:42:13-35
79            android:exported="false" />
79-->[:flutter_inappwebview] AndroidManifest.xml:43:13-37
80
81        <meta-data
81-->[:flutter_inappwebview] AndroidManifest.xml:45:9-47:36
82            android:name="io.flutter.embedded_views_preview"
82-->[:flutter_inappwebview] AndroidManifest.xml:46:13-61
83            android:value="true" />
83-->[:flutter_inappwebview] AndroidManifest.xml:47:13-33
84
85        <activity
85-->[:url_launcher_android] AndroidManifest.xml:10:9-13:74
86            android:name="io.flutter.plugins.urllauncher.WebViewActivity"
86-->[:url_launcher_android] AndroidManifest.xml:11:13-74
87            android:exported="false"
87-->[:url_launcher_android] AndroidManifest.xml:12:13-37
88            android:theme="@android:style/Theme.NoTitleBar.Fullscreen" />
88-->[:url_launcher_android] AndroidManifest.xml:13:13-71
89
90        <uses-library
90-->[androidx.window:window:1.0.0-beta04] AndroidManifest.xml:25:9-27:40
91            android:name="androidx.window.extensions"
91-->[androidx.window:window:1.0.0-beta04] AndroidManifest.xml:26:13-54
92            android:required="false" />
92-->[androidx.window:window:1.0.0-beta04] AndroidManifest.xml:27:13-37
93        <uses-library
93-->[androidx.window:window:1.0.0-beta04] AndroidManifest.xml:28:9-30:40
94            android:name="androidx.window.sidecar"
94-->[androidx.window:window:1.0.0-beta04] AndroidManifest.xml:29:13-51
95            android:required="false" />
95-->[androidx.window:window:1.0.0-beta04] AndroidManifest.xml:30:13-37
96
97        <provider
97-->[androidx.emoji2:emoji2:1.2.0] AndroidManifest.xml:24:9-32:20
98            android:name="androidx.startup.InitializationProvider"
98-->[androidx.emoji2:emoji2:1.2.0] AndroidManifest.xml:25:13-67
99            android:authorities="br.com.scrumlab.honeybee.androidx-startup"
99-->[androidx.emoji2:emoji2:1.2.0] AndroidManifest.xml:26:13-68
100            android:exported="false" >
100-->[androidx.emoji2:emoji2:1.2.0] AndroidManifest.xml:27:13-37
101            <meta-data
101-->[androidx.emoji2:emoji2:1.2.0] AndroidManifest.xml:29:13-31:52
102                android:name="androidx.emoji2.text.EmojiCompatInitializer"
102-->[androidx.emoji2:emoji2:1.2.0] AndroidManifest.xml:30:17-75
103                android:value="androidx.startup" />
103-->[androidx.emoji2:emoji2:1.2.0] AndroidManifest.xml:31:17-49
104            <meta-data
104-->[androidx.lifecycle:lifecycle-process:2.4.1] AndroidManifest.xml:31:13-33:52
105                android:name="androidx.lifecycle.ProcessLifecycleInitializer"
105-->[androidx.lifecycle:lifecycle-process:2.4.1] AndroidManifest.xml:32:17-78
106                android:value="androidx.startup" />
106-->[androidx.lifecycle:lifecycle-process:2.4.1] AndroidManifest.xml:33:17-49
107        </provider>
108    </application>
109
110</manifest>